<?xml version="1.0" encoding="UTF-8"?>
<!-- Generated by org.testng.reporters.JUnitXMLReporter -->
<testsuite ignored="0" hostname="LAPTOP-6G29KF23" failures="0" tests="4" name="Test" time="113.731" errors="0" timestamp="2024-01-14T00:10:14 IST">
  <testcase classname="my_project.ValidateTitleOfPage" name="Title" time="0.035"/>
  <testcase classname="my_project.ContactUsForm" name="form" time="30.598"/>
  <testcase classname="my_project.ProductsPage" name="ProductDetailsPage" time="2.335"/>
  <testcase classname="my_project.RequestDemo" name="demoRequest" time="8.952"/>
</testsuite> <!-- Test -->
